Determining if files humdrum.h exist failed with the following output:
Change Dir: /williamye/program/arduino/Buzzer/midi_convert/cmake-build-debug/CMakeFiles/CMakeTmp

Run Build Command(s):/usr/bin/make cmTC_1bb09/fast 
/Library/Developer/CommandLineTools/usr/bin/make -f CMakeFiles/cmTC_1bb09.dir/build.make CMakeFiles/cmTC_1bb09.dir/build
Building C object CMakeFiles/cmTC_1bb09.dir/HAVE_HUMDRUM_H.c.o
/usr/bin/gcc   -isysroot /Library/Developer/CommandLineTools/SDKs/MacOSX10.14.sdk   -o CMakeFiles/cmTC_1bb09.dir/HAVE_HUMDRUM_H.c.o   -c /williamye/program/arduino/Buzzer/midi_convert/cmake-build-debug/CMakeFiles/CheckIncludeFiles/HAVE_HUMDRUM_H.c
/williamye/program/arduino/Buzzer/midi_convert/cmake-build-debug/CMakeFiles/CheckIncludeFiles/HAVE_HUMDRUM_H.c:2:10: fatal error: 'humdrum.h' file not found
#include <humdrum.h>
         ^~~~~~~~~~~
1 error generated.
make[1]: *** [CMakeFiles/cmTC_1bb09.dir/HAVE_HUMDRUM_H.c.o] Error 1
make: *** [cmTC_1bb09/fast] Error 2

Source:
/* */
#include <humdrum.h>


int main(void){return 0;}

Determining if files sys/io.h exist failed with the following output:
Change Dir: /williamye/program/arduino/Buzzer/midi_convert/cmake-build-debug/CMakeFiles/CMakeTmp

Run Build Command(s):/usr/bin/make cmTC_cb7bb/fast 
/Library/Developer/CommandLineTools/usr/bin/make -f CMakeFiles/cmTC_cb7bb.dir/build.make CMakeFiles/cmTC_cb7bb.dir/build
Building C object CMakeFiles/cmTC_cb7bb.dir/HAVE_SYS_IO_H.c.o
/usr/bin/gcc   -isysroot /Library/Developer/CommandLineTools/SDKs/MacOSX10.14.sdk   -o CMakeFiles/cmTC_cb7bb.dir/HAVE_SYS_IO_H.c.o   -c /williamye/program/arduino/Buzzer/midi_convert/cmake-build-debug/CMakeFiles/CheckIncludeFiles/HAVE_SYS_IO_H.c
/williamye/program/arduino/Buzzer/midi_convert/cmake-build-debug/CMakeFiles/CheckIncludeFiles/HAVE_SYS_IO_H.c:2:10: fatal error: 'sys/io.h' file not found
#include <sys/io.h>
         ^~~~~~~~~~
1 error generated.
make[1]: *** [CMakeFiles/cmTC_cb7bb.dir/HAVE_SYS_IO_H.c.o] Error 1
make: *** [cmTC_cb7bb/fast] Error 2

Source:
/* */
#include <sys/io.h>


int main(void){return 0;}

